{
  "stats": {
    "suites": 1,
    "tests": 1,
    "passes": 1,
    "pending": 0,
    "failures": 0,
    "start": "2021-06-14T14:02:49.944Z",
    "end": "2021-06-14T14:03:04.194Z",
    "duration": 14250,
    "testsRegistered": 1,
    "passPercent": 100,
    "pendingPercent": 0,
    "other": 0,
    "hasOther": false,
    "skipped": 0,
    "hasSkipped": false
  },
  "results": [
    {
      "uuid": "63ecefb6-ec6b-4504-a790-a66179a7a887",
      "title": "",
      "fullFile": "cypress/integration/cadastro.spec.js",
      "file": "cypress/integration/cadastro.spec.js",
      "beforeHooks": [],
      "afterHooks": [],
      "tests": [],
      "suites": [
        {
          "uuid": "8af8953e-f978-462c-a7a8-fe2ac85435d4",
          "title": "Create an Account",
          "fullFile": "",
          "file": "",
          "beforeHooks": [],
          "afterHooks": [],
          "tests": [
            {
              "title": "Register a new user",
              "fullTitle": "Create an Account Register a new user",
              "timedOut": null,
              "duration": 14196,
              "state": "passed",
              "speed": "slow",
              "pass": true,
              "fail": false,
              "pending": false,
              "context": null,
              "code": "cy.visit('index.php'); //click on Sign in button\ncy.get('.header_user_info').click();\ncy.url().should('contain', '?controller=authentication&back=my-account'); //filling email address\ncy.get('input#email_create').type(chance.email()); //click on Create an account button\ncy.get('button#SubmitCreate').click();\ncy.url().should('contain', '?controller=authentication&back=my-account#account-creation'); //filling form\ncy.get('input#id_gender2').check();\ncy.get('input#customer_firstname').type(chance.first());\ncy.get('input#customer_lastname').type(chance.last());\ncy.get('input[name=\"passwd\"]').type('Agilizei'); // cy.get('input#firstname').type(chance.first());\n// cy.get('input#lastname').type(chance.last());\ncy.get('input#address1').type(chance.address());\ncy.get('input#city').type(chance.city());\ncy.get('select#id_country').select('United States');\ncy.get('select#id_state').select('3');\ncy.get('input#postcode').type('09827');\ncy.get('input#phone_mobile').type(chance.phone({\n  formatted: false\n}));\ncy.get('input#alias').clear();\ncy.get('input#alias').type('My house');\ncy.get('button#submitAccount').click(); //checking if the registration was completed successfully\ncy.url().should('contain', '?controller=my-account'); //checking if the message \"Welcome to your account\" is visible\ncy.get('p.info-account').should('be.visible');",
              "err": {},
              "uuid": "cf4da502-2877-4d3e-bf20-752959168ad0",
              "parentUUID": "8af8953e-f978-462c-a7a8-fe2ac85435d4",
              "isHook": false,
              "skipped": false
            }
          ],
          "suites": [],
          "passes": [
            "cf4da502-2877-4d3e-bf20-752959168ad0"
          ],
          "failures": [],
          "pending": [],
          "skipped": [],
          "duration": 14196,
          "root": false,
          "rootEmpty": false,
          "_timeout": 2000
        }
      ],
      "passes": [],
      "failures": [],
      "pending": [],
      "skipped": [],
      "duration": 0,
      "root": true,
      "rootEmpty": true,
      "_timeout": 2000
    }
  ],
  "meta": {
    "mocha": {
      "version": "7.0.1"
    },
    "mochawesome": {
      "options": {
        "quiet": true,
        "reportFilename": "mochawesome",
        "saveHtml": false,
        "saveJson": true,
        "consoleReporter": "spec",
        "useInlineDiffs": false,
        "code": true
      },
      "version": "6.2.2"
    },
    "marge": {
      "options": {
        "id": "default",
        "reportDir": "mochawesome-report",
        "quiet": true,
        "overwrite": false,
        "html": false,
        "json": true
      },
      "version": "5.2.0"
    }
  }
}